<?xml version="1.0" encoding="UTF-8"?>
<!-- Generated by org.testng.reporters.JUnitReportReporter -->
<testsuite skipped="0" hostname="basha" name="pom.testcases.TC002" tests="1" failures="0" timestamp="13 Jun 2021 10:59:57 GMT" time="45.654" errors="0">
  <testcase name="tc002" time="45.654" classname="pom.testcases.TC002"/>
</testsuite> <!-- pom.testcases.TC002 -->
