<?xml version="1.0" encoding="UTF-8"?>
<!-- Generated by org.testng.reporters.JUnitReportReporter -->
<testsuite skipped="0" hostname="basha" name="utilities.SampleReporter" tests="1" failures="0" timestamp="01 May 2021 09:49:18 GMT" time="0.966" errors="0">
  <testcase name="sampleReport" time="0.966" classname="utilities.SampleReporter"/>
</testsuite> <!-- utilities.SampleReporter -->
